<?xml version="1.0" encoding="UTF-8"?>
<!-- Generated by org.testng.reporters.JUnitReportReporter -->
<testsuite hostname="DESKTOP-2RIICMC" failures="0" tests="5" name="myclass" time="25.992" errors="0" timestamp="2024-08-10T15:28:44 EET" skipped="0">
  <testcase classname="myclass" name="CreateAnAccount" time="7.980"/>
  <system-out/>
  <testcase classname="myclass" name="logOut" time="2.960"/>
  <system-out/>
  <testcase classname="myclass" name="loginTest" time="5.167"/>
  <system-out/>
  <testcase classname="myclass" name="addMenItem" time="5.476"/>
  <system-out/>
  <testcase classname="myclass" name="addWomanItem" time="4.409"/>
  <system-out/>
</testsuite> <!-- myclass -->
