<?xml version="1.0" encoding="UTF-8"?>
<!-- Generated by org.testng.reporters.JUnitReportReporter -->
<testsuite hostname="DESKTOP-2RIICMC" failures="0" tests="5" name="myclass" time="37.199" errors="0" timestamp="2024-08-11T22:00:55 EET" skipped="1">
  <testcase classname="myclass" name="CreateAnAccount" time="7.701"/>
  <system-out/>
  <testcase classname="myclass" name="logOut" time="2.188"/>
  <system-out/>
  <testcase classname="myclass" name="loginTest" time="5.728"/>
  <system-out/>
  <testcase classname="myclass" name="addWomenItem" time="21.582"/>
  <system-out/>
  <testcase classname="myclass" name="addMenItem">
    <skipped/>
  </testcase> <!-- addMenItem -->
  <system-out/>
</testsuite> <!-- myclass -->
